2022-09-27 09:47:33.622 +06:00 [INF] Application Starting up
2022-09-27 10:00:24.408 +06:00 [INF] Application Starting up
2022-09-27 10:01:11.833 +06:00 [INF] User created a new account with password.
2022-09-27 10:08:07.350 +06:00 [INF] Application Starting up
2022-09-27 10:08:22.829 +06:00 [INF] User logged in.
2022-09-27 10:26:29.689 +06:00 [INF] Application Starting up
2022-09-27 10:29:24.565 +06:00 [INF] Application Starting up
2022-09-27 11:16:28.676 +06:00 [INF] Application Starting up
2022-09-27 11:20:00.248 +06:00 [INF] Application Starting up
2022-09-27 11:21:08.866 +06:00 [ERR] Add Account Failed
AutoMapper.AutoMapperMappingException: Missing type map configuration or unsupported mapping.

Mapping types:
AddCustomerModel -> Customer
CourierManagement.Areas.Admin.Models.AddCustomerModel -> CourierManagement.Training.BusinessObjects.Customer
   at lambda_method692(Closure , Object , Customer , ResolutionContext )
   at CourierManagement.Areas.Admin.Models.AddCustomerModel.AddCustomer() in C:\Users\User\Desktop\CourierManagement\CourierManagement\CourierManagement\Areas\Admin\Models\AddCustomerModel.cs:line 39
   at CourierManagement.Areas.Admin.Controllers.CourierController.AddCustomer(AddCustomerModel model) in C:\Users\User\Desktop\CourierManagement\CourierManagement\CourierManagement\Areas\Admin\Controllers\CourierController.cs:line 224
2022-09-27 11:22:49.384 +06:00 [INF] Application Starting up
2022-09-27 11:26:59.194 +06:00 [INF] Application Starting up
2022-09-27 11:28:10.747 +06:00 [INF] Application Starting up
2022-09-27 11:30:04.129 +06:00 [INF] Application Starting up
2022-09-27 11:30:49.359 +06:00 [INF] Application Starting up
2022-09-27 11:31:26.124 +06:00 [INF] Application Starting up
2022-09-27 11:35:16.973 +06:00 [INF] Application Starting up
2022-09-27 11:37:46.746 +06:00 [INF] Application Starting up
2022-09-27 11:39:09.972 +06:00 [INF] Application Starting up
2022-09-27 11:39:43.701 +06:00 [INF] Application Starting up
2022-09-27 11:41:21.390 +06:00 [INF] Application Starting up
2022-09-27 11:56:32.696 +06:00 [INF] Application Starting up
2022-09-27 11:57:49.360 +06:00 [INF] Application Starting up
2022-09-27 11:58:43.498 +06:00 [INF] Application Starting up
