2022-09-29 09:01:19.018 +06:00 [INF] Application Starting up
2022-09-29 09:09:46.107 +06:00 [INF] Application Starting up
2022-09-29 09:10:35.623 +06:00 [INF] Application Starting up
2022-09-29 09:14:55.264 +06:00 [INF] Application Starting up
2022-09-29 09:15:45.937 +06:00 [INF] Application Starting up
2022-09-29 09:17:29.637 +06:00 [INF] Application Starting up
2022-09-29 09:18:49.396 +06:00 [INF] Application Starting up
2022-09-29 09:20:16.507 +06:00 [INF] Application Starting up
2022-09-29 09:25:24.317 +06:00 [INF] Application Starting up
2022-09-29 09:26:10.119 +06:00 [INF] Application Starting up
2022-09-29 09:27:27.402 +06:00 [INF] Application Starting up
2022-09-29 09:28:11.173 +06:00 [INF] Application Starting up
2022-09-29 09:29:39.320 +06:00 [INF] Application Starting up
2022-09-29 09:31:38.624 +06:00 [INF] Application Starting up
2022-09-29 09:32:39.948 +06:00 [INF] Application Starting up
2022-09-29 09:50:18.797 +06:00 [INF] Application Starting up
2022-09-29 09:50:57.690 +06:00 [INF] Application Starting up
2022-09-29 10:01:45.292 +06:00 [INF] Application Starting up
2022-09-29 10:03:21.172 +06:00 [INF] Application Starting up
2022-09-29 10:04:22.856 +06:00 [INF] Application Starting up
2022-09-29 10:05:23.211 +06:00 [INF] Application Starting up
2022-09-29 10:06:58.088 +06:00 [INF] Application Starting up
2022-09-29 10:07:47.904 +06:00 [INF] Application Starting up
2022-09-29 11:00:08.738 +06:00 [INF] Application Starting up
2022-09-29 11:01:28.571 +06:00 [INF] Application Starting up
2022-09-29 11:02:50.646 +06:00 [INF] Application Starting up
2022-09-29 11:04:37.503 +06:00 [INF] Application Starting up
2022-09-29 11:06:06.211 +06:00 [INF] Application Starting up
2022-09-29 11:06:25.414 +06:00 [INF] Application Starting up
2022-09-29 11:14:31.207 +06:00 [INF] Application Starting up
2022-09-29 11:15:44.612 +06:00 [INF] Application Starting up
2022-09-29 11:16:39.676 +06:00 [INF] Application Starting up
2022-09-29 11:18:13.163 +06:00 [INF] Application Starting up
2022-09-29 11:19:39.863 +06:00 [INF] Application Starting up
2022-09-29 11:20:58.835 +06:00 [INF] Application Starting up
2022-09-29 11:21:18.025 +06:00 [INF] Application Starting up
2022-09-29 11:23:54.327 +06:00 [INF] Application Starting up
2022-09-29 11:26:17.844 +06:00 [INF] Application Starting up
2022-09-29 11:28:52.293 +06:00 [INF] Application Starting up
2022-09-29 11:30:59.215 +06:00 [INF] Application Starting up
2022-09-29 11:32:52.896 +06:00 [INF] Application Starting up
2022-09-29 11:33:29.879 +06:00 [INF] Application Starting up
2022-09-29 11:33:53.777 +06:00 [INF] Application Starting up
2022-09-29 11:35:18.539 +06:00 [INF] Application Starting up
2022-09-29 11:36:48.665 +06:00 [INF] Application Starting up
2022-09-29 11:37:51.156 +06:00 [INF] Application Starting up
2022-09-29 11:39:21.522 +06:00 [INF] Application Starting up
2022-09-29 11:40:42.149 +06:00 [INF] Application Starting up
2022-09-29 11:42:29.795 +06:00 [INF] Application Starting up
2022-09-29 11:43:31.288 +06:00 [INF] Application Starting up
2022-09-29 11:44:33.304 +06:00 [INF] Application Starting up
2022-09-29 12:03:29.413 +06:00 [INF] Application Starting up
2022-09-29 12:12:47.903 +06:00 [INF] Application Starting up
2022-09-29 12:26:16.453 +06:00 [INF] Application Starting up
2022-09-29 12:26:42.835 +06:00 [ERR] An unhandled exception has occurred while executing the request.
System.InvalidOperationException: The model item passed into the ViewDataDictionary is of type 'CourierManagement.Areas.Admin.Models.EditCustomerModel', but this ViewDataDictionary instance requires a model item of type 'CourierManagement.Areas.Admin.Models.CustomerListModel'.
   at Microsoft.AspNetCore.Mvc.ViewFeatures.ViewDataDictionary.EnsureCompatible(Object value)
   at Microsoft.AspNetCore.Mvc.ViewFeatures.ViewDataDictionary..ctor(ViewDataDictionary source, Object model, Type declaredModelType)
   at lambda_method663(Closure , ViewDataDictionary )
   at Microsoft.AspNetCore.Mvc.Razor.RazorPagePropertyActivator.CreateViewDataDictionary(ViewContext context)
   at Microsoft.AspNetCore.Mvc.Razor.RazorPagePropertyActivator.Activate(Object page, ViewContext context)
   at Microsoft.AspNetCore.Mvc.Razor.RazorPageActivator.Activate(IRazorPage page, ViewContext context)
   at Microsoft.AspNetCore.Mvc.Razor.RazorView.RenderPageCoreAsync(IRazorPage page, ViewContext context)
   at Microsoft.AspNetCore.Mvc.Razor.RazorView.RenderPageAsync(IRazorPage page, ViewContext context, Boolean invokeViewStarts)
   at Microsoft.AspNetCore.Mvc.Razor.RazorView.RenderAsync(ViewContext context)
   at Microsoft.AspNetCore.Mvc.ViewFeatures.ViewExecutor.ExecuteAsync(ViewContext viewContext, String contentType, Nullable`1 statusCode)
   at Microsoft.AspNetCore.Mvc.ViewFeatures.ViewExecutor.ExecuteAsync(ViewContext viewContext, String contentType, Nullable`1 statusCode)
   at Microsoft.AspNetCore.Mvc.ViewFeatures.ViewExecutor.ExecuteAsync(ActionContext actionContext, IView view, ViewDataDictionary viewData, ITempDataDictionary tempData, String contentType, Nullable`1 statusCode)
   at Microsoft.AspNetCore.Mvc.ViewFeatures.ViewResultExecutor.ExecuteAsync(ActionContext context, ViewResult result)
   at Microsoft.AspNetCore.Mvc.ViewResult.ExecuteResultAsync(ActionContext context)
   at Microsoft.AspNetCore.Mvc.Infrastructure.ResourceInvoker.<InvokeNextResultFilterAsync>g__Awaited|29_0[TFilter,TFilterAsync](ResourceInvoker invoker, Task lastTask, State next, Scope scope, Object state, Boolean isCompleted)
   at Microsoft.AspNetCore.Mvc.Infrastructure.ResourceInvoker.Rethrow(ResultExecutedContextSealed context)
   at Microsoft.AspNetCore.Mvc.Infrastructure.ResourceInvoker.ResultNext[TFilter,TFilterAsync](State& next, Scope& scope, Object& state, Boolean& isCompleted)
   at Microsoft.AspNetCore.Mvc.Infrastructure.ResourceInvoker.InvokeResultFilters()
--- End of stack trace from previous location ---
   at Microsoft.AspNetCore.Mvc.Infrastructure.ResourceInvoker.<InvokeNextResourceFilter>g__Awaited|24_0(ResourceInvoker invoker, Task lastTask, State next, Scope scope, Object state, Boolean isCompleted)
   at Microsoft.AspNetCore.Mvc.Infrastructure.ResourceInvoker.Rethrow(ResourceExecutedContextSealed context)
   at Microsoft.AspNetCore.Mvc.Infrastructure.ResourceInvoker.Next(State& next, Scope& scope, Object& state, Boolean& isCompleted)
   at Microsoft.AspNetCore.Mvc.Infrastructure.ResourceInvoker.InvokeFilterPipelineAsync()
--- End of stack trace from previous location ---
   at Microsoft.AspNetCore.Mvc.Infrastructure.ResourceInvoker.<InvokeAsync>g__Awaited|17_0(ResourceInvoker invoker, Task task, IDisposable scope)
   at Microsoft.AspNetCore.Routing.EndpointMiddleware.<Invoke>g__AwaitRequestTask|6_0(Endpoint endpoint, Task requestTask, ILogger logger)
   at Microsoft.AspNetCore.Session.SessionMiddleware.Invoke(HttpContext context)
   at Microsoft.AspNetCore.Session.SessionMiddleware.Invoke(HttpContext context)
   at Microsoft.AspNetCore.Authorization.AuthorizationMiddleware.Invoke(HttpContext context)
   at Microsoft.AspNetCore.Authentication.AuthenticationMiddleware.Invoke(HttpContext context)
   at Microsoft.AspNetCore.Diagnostics.EntityFrameworkCore.MigrationsEndPointMiddleware.Invoke(HttpContext context)
   at Microsoft.AspNetCore.Diagnostics.DeveloperExceptionPageMiddleware.Invoke(HttpContext context)
2022-09-29 12:26:44.621 +06:00 [ERR] An exception occurred while calculating the database error page content. Skipping display of the database error page.
System.InvalidOperationException: StatusCode cannot be set because the response has already started.
   at Microsoft.AspNetCore.Server.IIS.Core.IISHttpContext.ThrowResponseAlreadyStartedException(String name)
   at Microsoft.AspNetCore.Server.IIS.Core.IISHttpContext.set_StatusCode(Int32 value)
   at Microsoft.AspNetCore.Server.IIS.Core.IISHttpContext.Microsoft.AspNetCore.Http.Features.IHttpResponseFeature.set_StatusCode(Int32 value)
   at Microsoft.AspNetCore.Http.DefaultHttpResponse.set_StatusCode(Int32 value)
   at Microsoft.AspNetCore.Diagnostics.EntityFrameworkCore.Views.DatabaseErrorPage.ExecuteAsync()
   at Microsoft.Extensions.RazorViews.BaseView.ExecuteAsync(HttpContext context)
   at Microsoft.AspNetCore.Diagnostics.EntityFrameworkCore.DatabaseDeveloperPageExceptionFilter.HandleExceptionAsync(ErrorContext errorContext, Func`2 next)
